<?xml version="1.0" encoding="UTF-8"?>
<!-- Generated by org.testng.reporters.JUnitReportReporter -->
<testsuite hostname="Freds-MacBook-Pro.local" name="parts.eip.PartsOrderServiceTest" tests="1" failures="0" timestamp="6 Mar 2015 16:57:04 GMT" time="0.085" errors="0">
  <testcase name="testWebserviceCall" time="0.085" classname="parts.eip.PartsOrderServiceTest"/>
</testsuite> <!-- parts.eip.PartsOrderServiceTest -->
