<?xml version="1.0" encoding="UTF-8"?>
<!-- Generated by org.testng.reporters.JUnitReportReporter -->
<testsuite hostname="Freds-MacBook-Pro.local" name="eip.common.services.BacklogServiceSchedulerTest" tests="1" failures="0" timestamp="6 Mar 2015 16:52:36 GMT" time="2.007" errors="0">
  <testcase name="testBacklogScheduler" time="2.007" classname="eip.common.services.BacklogServiceSchedulerTest"/>
</testsuite> <!-- eip.common.services.BacklogServiceSchedulerTest -->
