<?xml version="1.0" encoding="UTF-8"?>
<!-- Generated by org.testng.reporters.JUnitReportReporter -->
<testsuite hostname="Freds-MacBook-Pro.local" name="eip.common.services.OrderServiceTest" tests="2" failures="0" timestamp="6 Mar 2015 16:52:36 GMT" time="0.016" errors="0">
  <testcase name="handleOrder" time="0.015" classname="eip.common.services.OrderServiceTest"/>
  <testcase name="handleOrderUnknownItem" time="0.001" classname="eip.common.services.OrderServiceTest"/>
</testsuite> <!-- eip.common.services.OrderServiceTest -->
