<?xml version="1.0" encoding="UTF-8"?>
<!-- Generated by org.testng.reporters.JUnitReportReporter -->
<testsuite hostname="Freds-MacBook-Pro.local" name="eip.common.services.BacklogServiceTest" tests="2" failures="0" timestamp="6 Mar 2015 16:52:36 GMT" time="0.198" errors="0">
  <testcase name="getBacklogItems" time="0.018" classname="eip.common.services.BacklogServiceTest"/>
  <testcase name="saveBacklogItems" time="0.180" classname="eip.common.services.BacklogServiceTest"/>
</testsuite> <!-- eip.common.services.BacklogServiceTest -->
