<?xml version="1.0" encoding="UTF-8"?>
<!-- Generated by org.testng.reporters.JUnitReportReporter -->
<testsuite hostname="Freds-MacBook-Pro.local" name="eip.common.services.StockServiceTest" tests="4" failures="0" timestamp="6 Mar 2015 16:52:36 GMT" time="0.013" errors="0">
  <testcase name="checkoutStockItem" time="0.003" classname="eip.common.services.StockServiceTest"/>
  <testcase name="addOneItem" time="0.001" classname="eip.common.services.StockServiceTest"/>
  <testcase name="getItemsOnStock" time="0.002" classname="eip.common.services.StockServiceTest"/>
  <testcase name="getStockItem" time="0.007" classname="eip.common.services.StockServiceTest"/>
</testsuite> <!-- eip.common.services.StockServiceTest -->
