<?xml version="1.0" encoding="UTF-8"?>
<!-- Generated by org.testng.reporters.JUnitReportReporter -->
<testsuite hostname="Freds-MacBook-Pro.local" name="eip.camel.WebServiceTest" tests="1" failures="0" timestamp="6 Mar 2015 16:54:57 GMT" time="0.259" errors="0">
  <testcase name="testWebserviceCall" time="0.259" classname="eip.camel.WebServiceTest"/>
</testsuite> <!-- eip.camel.WebServiceTest -->
