<?xml version="1.0" encoding="UTF-8"?>
<!-- Generated by org.testng.reporters.JUnitReportReporter -->
<testsuite hostname="Freds-MacBook-Pro.local" name="eip.camel.OrderCsvImportTest" tests="1" failures="0" timestamp="6 Mar 2015 16:54:57 GMT" time="1.004" errors="0">
  <testcase name="check" time="1.004" classname="eip.camel.OrderCsvImportTest"/>
</testsuite> <!-- eip.camel.OrderCsvImportTest -->
