<?xml version="1.0" encoding="UTF-8"?>
<!-- Generated by org.testng.reporters.JUnitReportReporter -->
<testsuite hostname="Freds-MacBook-Pro.local" name="eip.camel.ActiveMqEnricherRoutingTest" tests="2" failures="0" timestamp="6 Mar 2015 16:54:57 GMT" time="0.076" errors="0">
  <testcase name="sendSms" time="0.009" classname="eip.camel.ActiveMqEnricherRoutingTest"/>
  <testcase name="sendMail" time="0.067" classname="eip.camel.ActiveMqEnricherRoutingTest"/>
</testsuite> <!-- eip.camel.ActiveMqEnricherRoutingTest -->
