<?xml version="1.0" encoding="UTF-8"?>
<!-- Generated by org.testng.reporters.JUnitReportReporter -->
<testsuite hostname="Freds-MacBook-Pro.local" name="eip.camel.LooseCoupledStockTest" tests="1" failures="0" timestamp="6 Mar 2015 16:54:57 GMT" time="0.002" errors="0">
  <testcase name="getStockItem" time="0.002" classname="eip.camel.LooseCoupledStockTest"/>
</testsuite> <!-- eip.camel.LooseCoupledStockTest -->
