<?xml version="1.0" encoding="UTF-8"?>
<!-- Generated by org.testng.reporters.JUnitReportReporter -->
<testsuite hostname="Freds-MacBook-Pro.local" name="eip.spring.integration.DeliveryNoteCsvImportTest" tests="1" failures="0" timestamp="6 Mar 2015 16:53:14 GMT" time="1.004" errors="0">
  <testcase name="check" time="1.004" classname="eip.spring.integration.DeliveryNoteCsvImportTest"/>
</testsuite> <!-- eip.spring.integration.DeliveryNoteCsvImportTest -->
