<?xml version="1.0" encoding="UTF-8"?>
<!-- Generated by org.testng.reporters.JUnitReportReporter -->
<testsuite hostname="Freds-MacBook-Pro.local" name="eip.spring.integration.ActiveMqEnricherRoutingTest" tests="2" failures="0" timestamp="6 Mar 2015 16:53:14 GMT" time="0.060" errors="0">
  <testcase name="sendSms" time="0.003" classname="eip.spring.integration.ActiveMqEnricherRoutingTest"/>
  <testcase name="sendMail" time="0.057" classname="eip.spring.integration.ActiveMqEnricherRoutingTest"/>
</testsuite> <!-- eip.spring.integration.ActiveMqEnricherRoutingTest -->
