<?xml version="1.0" encoding="UTF-8"?>
<!-- Generated by org.testng.reporters.JUnitReportReporter -->
<testsuite hostname="Freds-MacBook-Pro.local" name="eip.spring.integration.OrderCsvImportTest" tests="1" failures="0" timestamp="6 Mar 2015 16:53:14 GMT" time="0.998" errors="0">
  <testcase name="check" time="0.998" classname="eip.spring.integration.OrderCsvImportTest"/>
</testsuite> <!-- eip.spring.integration.OrderCsvImportTest -->
