<?xml version="1.0" encoding="UTF-8"?>
<!-- Generated by org.testng.reporters.JUnitReportReporter -->
<testsuite hostname="Freds-MacBook-Pro.local" name="eip.spring.integration.OrderFlatFileItemReaderDelegateTest" tests="1" failures="0" timestamp="6 Mar 2015 16:53:14 GMT" time="0.002" errors="0">
  <testcase name="read" time="0.002" classname="eip.spring.integration.OrderFlatFileItemReaderDelegateTest"/>
</testsuite> <!-- eip.spring.integration.OrderFlatFileItemReaderDelegateTest -->
