<?xml version="1.0" encoding="UTF-8"?>
<!-- Generated by org.testng.reporters.JUnitReportReporter -->
<testsuite hostname="Freds-MacBook-Pro.local" name="eip.spring.integration.LooseCoupledStockTest" tests="1" failures="0" timestamp="6 Mar 2015 16:53:14 GMT" time="0.009" errors="0">
  <testcase name="getStockItem" time="0.009" classname="eip.spring.integration.LooseCoupledStockTest"/>
</testsuite> <!-- eip.spring.integration.LooseCoupledStockTest -->
