<?xml version="1.0" encoding="UTF-8"?>
<!-- Generated by org.testng.reporters.JUnitReportReporter -->
<testsuite hostname="Freds-MacBook-Pro.local" name="eip.camel.ws.BacklogServiceSchedulerTest" tests="1" failures="0" timestamp="6 Mar 2015 16:57:11 GMT" time="3.010" errors="0">
  <testcase name="testBacklogScheduler" time="3.010" classname="eip.camel.ws.BacklogServiceSchedulerTest"/>
</testsuite> <!-- eip.camel.ws.BacklogServiceSchedulerTest -->
