<?xml version="1.0" encoding="UTF-8"?>
<!-- Generated by org.testng.reporters.JUnitReportReporter -->
<testsuite hostname="Freds-MacBook-Pro.local" name="eip.camel.ws.WebServiceTest" tests="1" failures="0" timestamp="6 Mar 2015 16:57:11 GMT" time="0.011" errors="0">
  <testcase name="testWebserviceCall" time="0.011" classname="eip.camel.ws.WebServiceTest"/>
</testsuite> <!-- eip.camel.ws.WebServiceTest -->
